0 info it worked if it ends with ok
1 verbose cli [ 'C:\\Program Files\\nodejs\\node.exe',
1 verbose cli   'C:\\Program Files\\nodejs\\node_modules\\npm\\bin\\npm-cli.js',
1 verbose cli   'i' ]
2 info using npm@3.10.8
3 info using node@v6.9.0
4 silly loadCurrentTree Starting
5 silly install loadCurrentTree
6 silly install readLocalPackageData
7 silly install normalizeTree
8 silly loadCurrentTree Finishing
9 silly loadIdealTree Starting
10 silly install loadIdealTree
11 silly cloneCurrentTree Starting
12 silly install cloneCurrentTreeToIdealTree
13 silly cloneCurrentTree Finishing
14 silly loadShrinkwrap Starting
15 silly install loadShrinkwrap
16 silly loadShrinkwrap Finishing
17 silly loadAllDepsIntoIdealTree Starting
18 silly install loadAllDepsIntoIdealTree
19 silly fetchNamedPackageData qrcode-generator
20 silly mapToRegistry name qrcode-generator
21 silly mapToRegistry using default registry
22 silly mapToRegistry registry https://registry.npmjs.org/
23 silly mapToRegistry data Result {
23 silly mapToRegistry   raw: 'qrcode-generator',
23 silly mapToRegistry   scope: null,
23 silly mapToRegistry   escapedName: 'qrcode-generator',
23 silly mapToRegistry   name: 'qrcode-generator',
23 silly mapToRegistry   rawSpec: '',
23 silly mapToRegistry   spec: 'latest',
23 silly mapToRegistry   type: 'tag' }
24 silly mapToRegistry uri https://registry.npmjs.org/qrcode-generator
25 silly fetchNamedPackageData typescript
26 silly mapToRegistry name typescript
27 silly mapToRegistry using default registry
28 silly mapToRegistry registry https://registry.npmjs.org/
29 silly mapToRegistry data Result {
29 silly mapToRegistry   raw: 'typescript',
29 silly mapToRegistry   scope: null,
29 silly mapToRegistry   escapedName: 'typescript',
29 silly mapToRegistry   name: 'typescript',
29 silly mapToRegistry   rawSpec: '',
29 silly mapToRegistry   spec: 'latest',
29 silly mapToRegistry   type: 'tag' }
30 silly mapToRegistry uri https://registry.npmjs.org/typescript
31 verbose request uri https://registry.npmjs.org/qrcode-generator
32 verbose request no auth needed
33 info attempt registry request try #1 at 09:47:07
34 verbose request using bearer token for auth
35 verbose request id c7a54d163936dc9e
36 http request GET https://registry.npmjs.org/qrcode-generator
37 verbose request uri https://registry.npmjs.org/typescript
38 verbose request no auth needed
39 info attempt registry request try #1 at 09:47:08
40 verbose request using bearer token for auth
41 http request GET https://registry.npmjs.org/typescript
42 info retry will retry, error on last attempt: Error: write EPROTO 101057795:error:1408D07B:SSL routines:ssl3_get_key_exchange:bad signature:openssl\ssl\s3_clnt.c:2010:
43 info retry will retry, error on last attempt: Error: write EPROTO 101057795:error:1408D07B:SSL routines:ssl3_get_key_exchange:bad signature:openssl\ssl\s3_clnt.c:2010:
44 info attempt registry request try #2 at 09:47:18
45 verbose request using bearer token for auth
46 http request GET https://registry.npmjs.org/typescript
47 info attempt registry request try #2 at 09:47:18
48 verbose request using bearer token for auth
49 http request GET https://registry.npmjs.org/qrcode-generator
50 info retry will retry, error on last attempt: Error: write EPROTO 101057795:error:1408D07B:SSL routines:ssl3_get_key_exchange:bad signature:openssl\ssl\s3_clnt.c:2010:
51 info retry will retry, error on last attempt: Error: write EPROTO 101057795:error:1408D07B:SSL routines:ssl3_get_key_exchange:bad signature:openssl\ssl\s3_clnt.c:2010:
52 info attempt registry request try #3 at 09:48:18
53 verbose request using bearer token for auth
54 http request GET https://registry.npmjs.org/qrcode-generator
55 info attempt registry request try #3 at 09:48:18
56 verbose request using bearer token for auth
57 http request GET https://registry.npmjs.org/typescript
58 silly fetchPackageMetaData Error: write EPROTO 101057795:error:1408D07B:SSL routines:ssl3_get_key_exchange:bad signature:openssl\ssl\s3_clnt.c:2010:
58 silly fetchPackageMetaData
58 silly fetchPackageMetaData     at exports._errnoException (util.js:1026:11)
58 silly fetchPackageMetaData     at WriteWrap.afterWrite (net.js:799:14)
58 silly fetchPackageMetaData  error for qrcode-generator@^1.4.3 { Error: write EPROTO 101057795:error:1408D07B:SSL routines:ssl3_get_key_exchange:bad signature:openssl\ssl\s3_clnt.c:2010:
58 silly fetchPackageMetaData
58 silly fetchPackageMetaData     at exports._errnoException (util.js:1026:11)
58 silly fetchPackageMetaData     at WriteWrap.afterWrite (net.js:799:14) code: 'EPROTO', errno: 'EPROTO', syscall: 'write' }
59 silly fetchPackageMetaData Error: write EPROTO 101057795:error:1408D07B:SSL routines:ssl3_get_key_exchange:bad signature:openssl\ssl\s3_clnt.c:2010:
59 silly fetchPackageMetaData
59 silly fetchPackageMetaData     at exports._errnoException (util.js:1026:11)
59 silly fetchPackageMetaData     at WriteWrap.afterWrite (net.js:799:14)
59 silly fetchPackageMetaData  error for typescript@^4.1.4 { Error: write EPROTO 101057795:error:1408D07B:SSL routines:ssl3_get_key_exchange:bad signature:openssl\ssl\s3_clnt.c:2010:
59 silly fetchPackageMetaData
59 silly fetchPackageMetaData     at exports._errnoException (util.js:1026:11)
59 silly fetchPackageMetaData     at WriteWrap.afterWrite (net.js:799:14) code: 'EPROTO', errno: 'EPROTO', syscall: 'write' }
60 silly rollbackFailedOptional Starting
61 silly rollbackFailedOptional Finishing
62 silly runTopLevelLifecycles Finishing
63 silly install printInstalled
64 verbose stack Error: write EPROTO 101057795:error:1408D07B:SSL routines:ssl3_get_key_exchange:bad signature:openssl\ssl\s3_clnt.c:2010:
64 verbose stack
64 verbose stack     at exports._errnoException (util.js:1026:11)
64 verbose stack     at WriteWrap.afterWrite (net.js:799:14)
65 verbose cwd C:\_Repo\qr-code-genetor
66 error Windows_NT 10.0.19045
67 error argv "C:\\Program Files\\nodejs\\node.exe" "C:\\Program Files\\nodejs\\node_modules\\npm\\bin\\npm-cli.js" "i"
68 error node v6.9.0
69 error npm  v3.10.8
70 error code EPROTO
71 error errno EPROTO
72 error syscall write
73 error write EPROTO 101057795:error:1408D07B:SSL routines:ssl3_get_key_exchange:bad signature:openssl\ssl\s3_clnt.c:2010:
74 error If you need help, you may report this error at:
74 error     <https://github.com/npm/npm/issues>
75 verbose exit [ 1, true ]
